2024-04-11 10:02:52.027 [info] Added views:workbench.panel.markers.view in workbench.panel.markers
2024-04-11 10:02:52.027 [info] Added views:workbench.panel.output in workbench.panel.output
2024-04-11 10:02:52.027 [info] Added views:terminal in terminal
2024-04-11 10:02:52.027 [info] Added views:outline in workbench.view.explorer
2024-04-11 10:02:52.027 [info] Added views:workbench.scm in workbench.view.scm
2024-04-11 10:02:52.027 [info] Added views:workbench.view.search in workbench.view.search
2024-04-11 10:02:52.027 [info] Added views:timeline in workbench.view.explorer
2024-04-11 10:02:52.027 [info] Added views:workbench.explorer.emptyView in workbench.view.explorer
2024-04-11 10:02:52.158 [info] Added views:gitlens.views.home,gitlens.views.workspaces,gitlens.views.account in workbench.view.extension.gitlens
2024-04-11 10:02:52.158 [info] Added views:gitlens.views.commitDetails,gitlens.views.lineHistory,gitlens.views.fileHistory,gitlens.views.searchAndCompare in workbench.view.extension.gitlensInspect
2024-04-11 10:02:52.159 [info] Added views:gitlens.views.commits,gitlens.views.branches,gitlens.views.remotes,gitlens.views.stashes,gitlens.views.tags,gitlens.views.contributors in workbench.view.scm
2024-04-11 10:02:52.272 [info] Added views:workbench.debug.variablesView,workbench.debug.watchExpressionsView,workbench.debug.callStackView,workbench.debug.breakPointsView in workbench.view.debug
2024-04-11 10:02:52.282 [info] Added views:workbench.panel.repl.view in workbench.panel.repl
2024-04-11 10:02:52.283 [info] Removed views:workbench.debug.breakPointsView,workbench.debug.callStackView,workbench.debug.watchExpressionsView,workbench.debug.variablesView from workbench.view.debug
2024-04-11 10:02:52.283 [info] Added views:workbench.debug.welcome in workbench.view.debug
2024-04-11 10:02:52.355 [info] Added views:~remote.forwardedPorts in ~remote.forwardedPortsContainer
2024-04-11 10:02:52.567 [info] Removed views:gitlens.views.searchAndCompare,gitlens.views.fileHistory,gitlens.views.lineHistory,gitlens.views.commitDetails from workbench.view.extension.gitlensInspect
2024-04-11 10:02:52.568 [info] Removed views:gitlens.views.contributors,gitlens.views.tags,gitlens.views.stashes,gitlens.views.remotes,gitlens.views.branches,gitlens.views.commits from workbench.view.scm
2024-04-11 10:02:52.609 [info] Added views:gitlens.views.drafts in workbench.view.extension.gitlens
2024-04-11 10:02:54.679 [info] Added views:workbench.panel.markers.view in workbench.panel.markers
2024-04-11 10:02:54.679 [info] Added views:workbench.panel.output in workbench.panel.output
2024-04-11 10:02:54.679 [info] Added views:terminal in terminal
2024-04-11 10:02:54.679 [info] Added views:outline in workbench.view.explorer
2024-04-11 10:02:54.679 [info] Added views:workbench.scm in workbench.view.scm
2024-04-11 10:02:54.679 [info] Added views:workbench.view.search in workbench.view.search
2024-04-11 10:02:54.679 [info] Added views:timeline in workbench.view.explorer
2024-04-11 10:02:54.679 [info] Added views:workbench.explorer.fileView in workbench.view.explorer
2024-04-11 10:02:54.715 [info] Added views:workbench.debug.welcome in workbench.view.debug
2024-04-11 10:02:54.831 [info] Added views:gitlens.views.home,gitlens.views.workspaces,gitlens.views.account in workbench.view.extension.gitlens
2024-04-11 10:02:54.831 [info] Added views:gitlens.views.commitDetails,gitlens.views.lineHistory,gitlens.views.fileHistory,gitlens.views.searchAndCompare in workbench.view.extension.gitlensInspect
2024-04-11 10:02:54.831 [info] Added views:gitlens.views.commits,gitlens.views.branches,gitlens.views.remotes,gitlens.views.stashes,gitlens.views.tags,gitlens.views.contributors in workbench.view.scm
2024-04-11 10:02:54.952 [info] Added views:workbench.panel.repl.view in workbench.panel.repl
2024-04-11 10:02:55.194 [info] Added views:~remote.forwardedPorts in ~remote.forwardedPortsContainer
2024-04-11 10:02:55.283 [info] Removed views:gitlens.views.searchAndCompare,gitlens.views.fileHistory,gitlens.views.lineHistory,gitlens.views.commitDetails from workbench.view.extension.gitlensInspect
2024-04-11 10:02:55.284 [info] Removed views:gitlens.views.contributors,gitlens.views.tags,gitlens.views.stashes,gitlens.views.remotes,gitlens.views.branches,gitlens.views.commits from workbench.view.scm
2024-04-11 10:02:55.308 [info] Added views:gitlens.views.drafts in workbench.view.extension.gitlens
