2024-04-11 10:02:15.901 [info] Added views:workbench.panel.markers.view in workbench.panel.markers
2024-04-11 10:02:15.901 [info] Added views:workbench.panel.output in workbench.panel.output
2024-04-11 10:02:15.901 [info] Added views:terminal in terminal
2024-04-11 10:02:15.901 [info] Added views:outline in workbench.view.explorer
2024-04-11 10:02:15.901 [info] Added views:workbench.scm in workbench.view.scm
2024-04-11 10:02:15.901 [info] Added views:workbench.view.search in workbench.view.search
2024-04-11 10:02:15.901 [info] Added views:timeline in workbench.view.explorer
2024-04-11 10:02:15.901 [info] Added views:workbench.explorer.emptyView in workbench.view.explorer
2024-04-11 10:02:16.033 [info] Added views:gitlens.views.home,gitlens.views.workspaces,gitlens.views.account in workbench.view.extension.gitlens
2024-04-11 10:02:16.033 [info] Added views:gitlens.views.commitDetails,gitlens.views.lineHistory,gitlens.views.fileHistory,gitlens.views.searchAndCompare in workbench.view.extension.gitlensInspect
2024-04-11 10:02:16.034 [info] Added views:gitlens.views.commits,gitlens.views.branches,gitlens.views.remotes,gitlens.views.stashes,gitlens.views.tags,gitlens.views.contributors in workbench.view.scm
2024-04-11 10:02:16.122 [info] Added views:workbench.debug.variablesView,workbench.debug.watchExpressionsView,workbench.debug.callStackView,workbench.debug.breakPointsView in workbench.view.debug
2024-04-11 10:02:16.200 [info] Added views:workbench.panel.repl.view in workbench.panel.repl
2024-04-11 10:02:16.200 [info] Removed views:workbench.debug.breakPointsView,workbench.debug.callStackView,workbench.debug.watchExpressionsView,workbench.debug.variablesView from workbench.view.debug
2024-04-11 10:02:16.201 [info] Added views:workbench.debug.welcome in workbench.view.debug
2024-04-11 10:02:16.223 [info] Added views:~remote.forwardedPorts in ~remote.forwardedPortsContainer
2024-04-11 10:02:16.542 [info] Removed views:gitlens.views.searchAndCompare,gitlens.views.fileHistory,gitlens.views.lineHistory,gitlens.views.commitDetails from workbench.view.extension.gitlensInspect
2024-04-11 10:02:16.543 [info] Removed views:gitlens.views.contributors,gitlens.views.tags,gitlens.views.stashes,gitlens.views.remotes,gitlens.views.branches,gitlens.views.commits from workbench.view.scm
2024-04-11 10:02:16.573 [info] Added views:gitlens.views.drafts in workbench.view.extension.gitlens
2024-04-11 10:02:23.542 [info] Added views:workbench.views.extensions.installed,workbench.views.extensions.popular,extensions.recommendedList in workbench.view.extensions
2024-04-11 10:02:23.544 [info] Removed views:workbench.views.extensions.popular from workbench.view.extensions
2024-04-11 10:02:24.148 [info] Removed views:extensions.recommendedList,workbench.views.extensions.installed from workbench.view.extensions
2024-04-11 10:02:24.161 [info] Added views:workbench.views.extensions.marketplace in workbench.view.extensions
