2024-04-11 10:02:52.349 [info] Log level: Info
2024-04-11 10:02:52.354 [info] Validating found git in: "/usr/bin/git"
2024-04-11 10:02:52.377 [info] Using git "2.37.1 (Apple Git-137.1)" from "/usr/bin/git"
2024-04-11 10:02:55.129 [info] Log level: Info
2024-04-11 10:02:55.129 [info] Validating found git in: "/usr/bin/git"
2024-04-11 10:02:55.129 [info] Using git "2.37.1 (Apple Git-137.1)" from "/usr/bin/git"
2024-04-11 10:02:55.131 [info] > git rev-parse --show-toplevel [11ms]
2024-04-11 10:02:55.131 [info] fatal: not a git repository (or any of the parent directories): .git
2024-04-11 10:02:55.141 [info] > git rev-parse --show-toplevel [9ms]
2024-04-11 10:02:55.141 [info] fatal: not a git repository (or any of the parent directories): .git
2024-04-11 10:02:55.153 [info] > git rev-parse --show-toplevel [11ms]
2024-04-11 10:02:55.153 [info] fatal: not a git repository (or any of the parent directories): .git
2024-04-11 10:02:55.257 [info] > git rev-parse --show-toplevel [102ms]
2024-04-11 10:02:55.257 [info] fatal: not a git repository (or any of the parent directories): .git
2024-04-11 10:02:55.351 [info] > git rev-parse --show-toplevel [36ms]
2024-04-11 10:02:55.351 [info] fatal: not a git repository (or any of the parent directories): .git
2024-04-11 10:02:55.365 [info] > git rev-parse --show-toplevel [13ms]
2024-04-11 10:02:55.365 [info] fatal: not a git repository (or any of the parent directories): .git
2024-04-11 10:02:55.377 [info] > git rev-parse --show-toplevel [10ms]
2024-04-11 10:02:55.377 [info] fatal: not a git repository (or any of the parent directories): .git
2024-04-11 10:02:55.388 [info] > git rev-parse --show-toplevel [10ms]
2024-04-11 10:02:55.388 [info] fatal: not a git repository (or any of the parent directories): .git
2024-04-11 10:02:55.401 [info] > git rev-parse --show-toplevel [11ms]
2024-04-11 10:02:55.401 [info] fatal: not a git repository (or any of the parent directories): .git
2024-04-11 10:02:55.462 [info] > git rev-parse --show-toplevel [9ms]
2024-04-11 10:02:55.462 [info] fatal: not a git repository (or any of the parent directories): .git
