2024-04-11 10:02:52.256 [info] Extension host with pid 92824 started
2024-04-11 10:02:52.283 [info] ExtensionService#_doActivateExtension vscode.git-base, startup: true, activationEvent: '*', root cause: vscode.git
2024-04-11 10:02:52.285 [info] ExtensionService#_doActivateExtension AntiAntiSepticeye.vscode-color-picker, startup: true, activationEvent: '*'
2024-04-11 10:02:52.286 [info] ExtensionService#_doActivateExtension formulahendry.auto-close-tag, startup: true, activationEvent: '*'
2024-04-11 10:02:52.287 [info] ExtensionService#_doActivateExtension formulahendry.auto-rename-tag, startup: true, activationEvent: '*'
2024-04-11 10:02:52.302 [info] ExtensionService#_doActivateExtension vscode.git, startup: true, activationEvent: '*'
2024-04-11 10:02:52.311 [info] ExtensionService#_doActivateExtension vscode.github, startup: true, activationEvent: '*'
2024-04-11 10:02:52.403 [info] Eager extensions activated
2024-04-11 10:02:52.461 [info] ExtensionService#_doActivateExtension vscode.debug-auto-launch, startup: false, activationEvent: 'onStartupFinished'
2024-04-11 10:02:52.462 [info] ExtensionService#_doActivateExtension vscode.merge-conflict, startup: false, activationEvent: 'onStartupFinished'
2024-04-11 10:02:52.465 [info] ExtensionService#_doActivateExtension dbaeumer.vscode-eslint, startup: false, activationEvent: 'onStartupFinished'
2024-04-11 10:02:52.470 [info] ExtensionService#_doActivateExtension eamodio.gitlens, startup: false, activationEvent: 'onStartupFinished'
2024-04-11 10:02:52.487 [info] ExtensionService#_doActivateExtension Equinusocio.vsc-material-theme, startup: false, activationEvent: 'onStartupFinished'
2024-04-11 10:02:52.490 [info] ExtensionService#_doActivateExtension equinusocio.vsc-material-theme-icons, startup: false, activationEvent: 'onStartupFinished'
2024-04-11 10:02:52.505 [info] ExtensionService#_doActivateExtension esbenp.prettier-vscode, startup: false, activationEvent: 'onStartupFinished'
2024-04-11 10:02:52.527 [info] ExtensionService#_doActivateExtension PKief.material-icon-theme, startup: false, activationEvent: 'onStartupFinished'
2024-04-11 10:02:52.530 [info] ExtensionService#_doActivateExtension ritwickdey.LiveServer, startup: false, activationEvent: 'onStartupFinished'
2024-04-11 10:02:52.533 [info] ExtensionService#_doActivateExtension streetsidesoftware.code-spell-checker, startup: false, activationEvent: 'onStartupFinished'
2024-04-11 10:02:52.552 [info] ExtensionService#_doActivateExtension usernamehw.errorlens, startup: false, activationEvent: 'onStartupFinished'
2024-04-11 10:02:54.460 [info] Extension host terminating: renderer closed the MessagePort
2024-04-11 10:02:54.475 [error] Canceled: Canceled
    at new g (/Applications/Visual Studio Code.app/Contents/Resources/app/out/vs/workbench/api/node/extensionHostProcess.js:125:57216)
    at i.U (/Applications/Visual Studio Code.app/Contents/Resources/app/out/vs/workbench/api/node/extensionHostProcess.js:134:10864)
    at Proxy.M.<computed>.j.charCodeAt.M.<computed> (/Applications/Visual Studio Code.app/Contents/Resources/app/out/vs/workbench/api/node/extensionHostProcess.js:134:8315)
    at n.g (/Applications/Visual Studio Code.app/Contents/Resources/app/out/vs/workbench/api/node/extensionHostProcess.js:125:83747)
    at n.executeCommand (/Applications/Visual Studio Code.app/Contents/Resources/app/out/vs/workbench/api/node/extensionHostProcess.js:125:83185)
    at b.registerCommand.description (/Applications/Visual Studio Code.app/Contents/Resources/app/out/vs/workbench/api/node/extensionHostProcess.js:125:82506)
    at n.h (/Applications/Visual Studio Code.app/Contents/Resources/app/out/vs/workbench/api/node/extensionHostProcess.js:125:84283)
    at n.g (/Applications/Visual Studio Code.app/Contents/Resources/app/out/vs/workbench/api/node/extensionHostProcess.js:125:83278)
    at n.executeCommand (/Applications/Visual Studio Code.app/Contents/Resources/app/out/vs/workbench/api/node/extensionHostProcess.js:125:83185)
    at Object.executeCommand (/Applications/Visual Studio Code.app/Contents/Resources/app/out/vs/workbench/api/node/extensionHostProcess.js:140:21282)
    at w (/Users/user/.vscode/extensions/eamodio.gitlens-14.9.0/dist/gitlens.js:1081:41198)
    at h (/Users/user/.vscode/extensions/eamodio.gitlens-14.9.0/dist/gitlens.js:1081:46237)
    at ActionRunners._updateContextKeys (/Users/user/.vscode/extensions/eamodio.gitlens-14.9.0/dist/gitlens.js:663:18411)
    at s (/Users/user/.vscode/extensions/eamodio.gitlens-14.9.0/dist/gitlens.js:663:16855)
    at RegisteredActionRunner.unregister (/Users/user/.vscode/extensions/eamodio.gitlens-14.9.0/dist/gitlens.js:663:16998)
    at RegisteredActionRunner.dispose (/Users/user/.vscode/extensions/eamodio.gitlens-14.9.0/dist/gitlens.js:663:15651)
    at ActionRunners.dispose (/Users/user/.vscode/extensions/eamodio.gitlens-14.9.0/dist/gitlens.js:663:16438)
    at /Users/user/.vscode/extensions/eamodio.gitlens-14.9.0/dist/gitlens.js:1041:19519
    at Array.forEach (<anonymous>)
    at Object.dispose (/Users/user/.vscode/extensions/eamodio.gitlens-14.9.0/dist/gitlens.js:1041:19501)
    at o (/Applications/Visual Studio Code.app/Contents/Resources/app/out/vs/workbench/api/node/extensionHostProcess.js:30:754)
    at s.cb (/Applications/Visual Studio Code.app/Contents/Resources/app/out/vs/workbench/api/node/extensionHostProcess.js:136:9846)
    at /Applications/Visual Studio Code.app/Contents/Resources/app/out/vs/workbench/api/node/extensionHostProcess.js:136:7796
    at Array.map (<anonymous>)
    at s.Y (/Applications/Visual Studio Code.app/Contents/Resources/app/out/vs/workbench/api/node/extensionHostProcess.js:136:7784)
    at s.terminate (/Applications/Visual Studio Code.app/Contents/Resources/app/out/vs/workbench/api/node/extensionHostProcess.js:136:8054)
    at o.terminate (/Applications/Visual Studio Code.app/Contents/Resources/app/out/vs/workbench/api/node/extensionHostProcess.js:140:1513)
    at l (/Applications/Visual Studio Code.app/Contents/Resources/app/out/vs/workbench/api/node/extensionHostProcess.js:153:9801)
    at MessagePortMain.<anonymous> (/Applications/Visual Studio Code.app/Contents/Resources/app/out/vs/workbench/api/node/extensionHostProcess.js:153:6226)
    at MessagePortMain.emit (node:events:513:28)
    at Object.MessagePortMain._internalPort.emit (node:electron/js2c/utility_init:2:367) setContext undefined
2024-04-11 10:02:54.475 [error] Canceled: Canceled
    at new g (/Applications/Visual Studio Code.app/Contents/Resources/app/out/vs/workbench/api/node/extensionHostProcess.js:125:57216)
    at i.U (/Applications/Visual Studio Code.app/Contents/Resources/app/out/vs/workbench/api/node/extensionHostProcess.js:134:10864)
    at Proxy.M.<computed>.j.charCodeAt.M.<computed> (/Applications/Visual Studio Code.app/Contents/Resources/app/out/vs/workbench/api/node/extensionHostProcess.js:134:8315)
    at n.g (/Applications/Visual Studio Code.app/Contents/Resources/app/out/vs/workbench/api/node/extensionHostProcess.js:125:83747)
    at n.executeCommand (/Applications/Visual Studio Code.app/Contents/Resources/app/out/vs/workbench/api/node/extensionHostProcess.js:125:83185)
    at b.registerCommand.description (/Applications/Visual Studio Code.app/Contents/Resources/app/out/vs/workbench/api/node/extensionHostProcess.js:125:82506)
    at n.h (/Applications/Visual Studio Code.app/Contents/Resources/app/out/vs/workbench/api/node/extensionHostProcess.js:125:84283)
    at n.g (/Applications/Visual Studio Code.app/Contents/Resources/app/out/vs/workbench/api/node/extensionHostProcess.js:125:83278)
    at n.executeCommand (/Applications/Visual Studio Code.app/Contents/Resources/app/out/vs/workbench/api/node/extensionHostProcess.js:125:83185)
    at Object.executeCommand (/Applications/Visual Studio Code.app/Contents/Resources/app/out/vs/workbench/api/node/extensionHostProcess.js:140:21282)
    at w (/Users/user/.vscode/extensions/eamodio.gitlens-14.9.0/dist/gitlens.js:1081:41198)
    at h (/Users/user/.vscode/extensions/eamodio.gitlens-14.9.0/dist/gitlens.js:1081:46237)
    at ActionRunners._updateContextKeys (/Users/user/.vscode/extensions/eamodio.gitlens-14.9.0/dist/gitlens.js:663:18411)
    at s (/Users/user/.vscode/extensions/eamodio.gitlens-14.9.0/dist/gitlens.js:663:16855)
    at RegisteredActionRunner.unregister (/Users/user/.vscode/extensions/eamodio.gitlens-14.9.0/dist/gitlens.js:663:16998)
    at RegisteredActionRunner.dispose (/Users/user/.vscode/extensions/eamodio.gitlens-14.9.0/dist/gitlens.js:663:15651)
    at ActionRunners.dispose (/Users/user/.vscode/extensions/eamodio.gitlens-14.9.0/dist/gitlens.js:663:16438)
    at /Users/user/.vscode/extensions/eamodio.gitlens-14.9.0/dist/gitlens.js:1041:19519
    at Array.forEach (<anonymous>)
    at Object.dispose (/Users/user/.vscode/extensions/eamodio.gitlens-14.9.0/dist/gitlens.js:1041:19501)
    at o (/Applications/Visual Studio Code.app/Contents/Resources/app/out/vs/workbench/api/node/extensionHostProcess.js:30:754)
    at s.cb (/Applications/Visual Studio Code.app/Contents/Resources/app/out/vs/workbench/api/node/extensionHostProcess.js:136:9846)
    at /Applications/Visual Studio Code.app/Contents/Resources/app/out/vs/workbench/api/node/extensionHostProcess.js:136:7796
    at Array.map (<anonymous>)
    at s.Y (/Applications/Visual Studio Code.app/Contents/Resources/app/out/vs/workbench/api/node/extensionHostProcess.js:136:7784)
    at s.terminate (/Applications/Visual Studio Code.app/Contents/Resources/app/out/vs/workbench/api/node/extensionHostProcess.js:136:8054)
    at o.terminate (/Applications/Visual Studio Code.app/Contents/Resources/app/out/vs/workbench/api/node/extensionHostProcess.js:140:1513)
    at l (/Applications/Visual Studio Code.app/Contents/Resources/app/out/vs/workbench/api/node/extensionHostProcess.js:153:9801)
    at MessagePortMain.<anonymous> (/Applications/Visual Studio Code.app/Contents/Resources/app/out/vs/workbench/api/node/extensionHostProcess.js:153:6226)
    at MessagePortMain.emit (node:events:513:28)
    at Object.MessagePortMain._internalPort.emit (node:electron/js2c/utility_init:2:367) setContext undefined
2024-04-11 10:02:54.476 [error] Canceled: Canceled
    at new g (/Applications/Visual Studio Code.app/Contents/Resources/app/out/vs/workbench/api/node/extensionHostProcess.js:125:57216)
    at i.U (/Applications/Visual Studio Code.app/Contents/Resources/app/out/vs/workbench/api/node/extensionHostProcess.js:134:10864)
    at Proxy.M.<computed>.j.charCodeAt.M.<computed> (/Applications/Visual Studio Code.app/Contents/Resources/app/out/vs/workbench/api/node/extensionHostProcess.js:134:8315)
    at n.g (/Applications/Visual Studio Code.app/Contents/Resources/app/out/vs/workbench/api/node/extensionHostProcess.js:125:83747)
    at n.executeCommand (/Applications/Visual Studio Code.app/Contents/Resources/app/out/vs/workbench/api/node/extensionHostProcess.js:125:83185)
    at b.registerCommand.description (/Applications/Visual Studio Code.app/Contents/Resources/app/out/vs/workbench/api/node/extensionHostProcess.js:125:82506)
    at n.h (/Applications/Visual Studio Code.app/Contents/Resources/app/out/vs/workbench/api/node/extensionHostProcess.js:125:84283)
    at n.g (/Applications/Visual Studio Code.app/Contents/Resources/app/out/vs/workbench/api/node/extensionHostProcess.js:125:83278)
    at n.executeCommand (/Applications/Visual Studio Code.app/Contents/Resources/app/out/vs/workbench/api/node/extensionHostProcess.js:125:83185)
    at Object.executeCommand (/Applications/Visual Studio Code.app/Contents/Resources/app/out/vs/workbench/api/node/extensionHostProcess.js:140:21282)
    at w (/Users/user/.vscode/extensions/eamodio.gitlens-14.9.0/dist/gitlens.js:1081:41198)
    at h (/Users/user/.vscode/extensions/eamodio.gitlens-14.9.0/dist/gitlens.js:1081:46237)
    at ActionRunners._updateContextKeys (/Users/user/.vscode/extensions/eamodio.gitlens-14.9.0/dist/gitlens.js:663:18411)
    at s (/Users/user/.vscode/extensions/eamodio.gitlens-14.9.0/dist/gitlens.js:663:16855)
    at RegisteredActionRunner.unregister (/Users/user/.vscode/extensions/eamodio.gitlens-14.9.0/dist/gitlens.js:663:16998)
    at RegisteredActionRunner.dispose (/Users/user/.vscode/extensions/eamodio.gitlens-14.9.0/dist/gitlens.js:663:15651)
    at ActionRunners.dispose (/Users/user/.vscode/extensions/eamodio.gitlens-14.9.0/dist/gitlens.js:663:16438)
    at /Users/user/.vscode/extensions/eamodio.gitlens-14.9.0/dist/gitlens.js:1041:19519
    at Array.forEach (<anonymous>)
    at Object.dispose (/Users/user/.vscode/extensions/eamodio.gitlens-14.9.0/dist/gitlens.js:1041:19501)
    at o (/Applications/Visual Studio Code.app/Contents/Resources/app/out/vs/workbench/api/node/extensionHostProcess.js:30:754)
    at s.cb (/Applications/Visual Studio Code.app/Contents/Resources/app/out/vs/workbench/api/node/extensionHostProcess.js:136:9846)
    at /Applications/Visual Studio Code.app/Contents/Resources/app/out/vs/workbench/api/node/extensionHostProcess.js:136:7796
    at Array.map (<anonymous>)
    at s.Y (/Applications/Visual Studio Code.app/Contents/Resources/app/out/vs/workbench/api/node/extensionHostProcess.js:136:7784)
    at s.terminate (/Applications/Visual Studio Code.app/Contents/Resources/app/out/vs/workbench/api/node/extensionHostProcess.js:136:8054)
    at o.terminate (/Applications/Visual Studio Code.app/Contents/Resources/app/out/vs/workbench/api/node/extensionHostProcess.js:140:1513)
    at l (/Applications/Visual Studio Code.app/Contents/Resources/app/out/vs/workbench/api/node/extensionHostProcess.js:153:9801)
    at MessagePortMain.<anonymous> (/Applications/Visual Studio Code.app/Contents/Resources/app/out/vs/workbench/api/node/extensionHostProcess.js:153:6226)
    at MessagePortMain.emit (node:events:513:28)
    at Object.MessagePortMain._internalPort.emit (node:electron/js2c/utility_init:2:367) setContext undefined
2024-04-11 10:02:54.476 [info] Extension host with pid 92824 exiting with code 0
2024-04-11 10:02:54.929 [info] Extension host with pid 92836 started
2024-04-11 10:02:54.929 [info] Skipping acquiring lock for /Applications/XAMPP/xamppfiles/htdocs/Workspace/Applications/XAMPP/htdocs/index.php/User/workspaceStorage/ab3423f749ab79be196980aace58dfcf.
2024-04-11 10:02:54.952 [info] ExtensionService#_doActivateExtension vscode.emmet, startup: false, activationEvent: 'onLanguage'
2024-04-11 10:02:54.955 [info] ExtensionService#_doActivateExtension vscode.php-language-features, startup: false, activationEvent: 'onLanguage:php'
2024-04-11 10:02:54.975 [info] ExtensionService#_doActivateExtension vscode.git-base, startup: true, activationEvent: '*', root cause: vscode.git
2024-04-11 10:02:54.976 [info] ExtensionService#_doActivateExtension AntiAntiSepticeye.vscode-color-picker, startup: true, activationEvent: '*'
2024-04-11 10:02:54.977 [info] ExtensionService#_doActivateExtension formulahendry.auto-close-tag, startup: true, activationEvent: '*'
2024-04-11 10:02:54.978 [info] ExtensionService#_doActivateExtension formulahendry.auto-rename-tag, startup: true, activationEvent: '*'
2024-04-11 10:02:54.992 [info] ExtensionService#_doActivateExtension vscode.git, startup: true, activationEvent: '*'
2024-04-11 10:02:55.009 [info] ExtensionService#_doActivateExtension vscode.github, startup: true, activationEvent: '*'
2024-04-11 10:02:55.118 [info] Eager extensions activated
2024-04-11 10:02:55.158 [info] ExtensionService#_doActivateExtension vscode.debug-auto-launch, startup: false, activationEvent: 'onStartupFinished'
2024-04-11 10:02:55.159 [info] ExtensionService#_doActivateExtension vscode.merge-conflict, startup: false, activationEvent: 'onStartupFinished'
2024-04-11 10:02:55.164 [info] ExtensionService#_doActivateExtension dbaeumer.vscode-eslint, startup: false, activationEvent: 'onStartupFinished'
2024-04-11 10:02:55.168 [info] ExtensionService#_doActivateExtension eamodio.gitlens, startup: false, activationEvent: 'onStartupFinished'
2024-04-11 10:02:55.187 [info] ExtensionService#_doActivateExtension Equinusocio.vsc-material-theme, startup: false, activationEvent: 'onStartupFinished'
2024-04-11 10:02:55.189 [info] ExtensionService#_doActivateExtension equinusocio.vsc-material-theme-icons, startup: false, activationEvent: 'onStartupFinished'
2024-04-11 10:02:55.200 [info] ExtensionService#_doActivateExtension esbenp.prettier-vscode, startup: false, activationEvent: 'onStartupFinished'
2024-04-11 10:02:55.216 [info] ExtensionService#_doActivateExtension PKief.material-icon-theme, startup: false, activationEvent: 'onStartupFinished'
2024-04-11 10:02:55.219 [info] ExtensionService#_doActivateExtension ritwickdey.LiveServer, startup: false, activationEvent: 'onStartupFinished'
2024-04-11 10:02:55.222 [info] ExtensionService#_doActivateExtension streetsidesoftware.code-spell-checker, startup: false, activationEvent: 'onStartupFinished'
2024-04-11 10:02:55.246 [info] ExtensionService#_doActivateExtension usernamehw.errorlens, startup: false, activationEvent: 'onStartupFinished'
2024-04-11 12:03:38.902 [info] Extension host terminating: renderer closed the MessagePort
2024-04-11 12:03:38.920 [error] Canceled: Canceled
    at new g (/Applications/Visual Studio Code.app/Contents/Resources/app/out/vs/workbench/api/node/extensionHostProcess.js:125:57216)
    at i.U (/Applications/Visual Studio Code.app/Contents/Resources/app/out/vs/workbench/api/node/extensionHostProcess.js:134:10864)
    at Proxy.M.<computed>.j.charCodeAt.M.<computed> (/Applications/Visual Studio Code.app/Contents/Resources/app/out/vs/workbench/api/node/extensionHostProcess.js:134:8315)
    at n.g (/Applications/Visual Studio Code.app/Contents/Resources/app/out/vs/workbench/api/node/extensionHostProcess.js:125:83747)
    at n.executeCommand (/Applications/Visual Studio Code.app/Contents/Resources/app/out/vs/workbench/api/node/extensionHostProcess.js:125:83185)
    at b.registerCommand.description (/Applications/Visual Studio Code.app/Contents/Resources/app/out/vs/workbench/api/node/extensionHostProcess.js:125:82506)
    at n.h (/Applications/Visual Studio Code.app/Contents/Resources/app/out/vs/workbench/api/node/extensionHostProcess.js:125:84283)
    at n.g (/Applications/Visual Studio Code.app/Contents/Resources/app/out/vs/workbench/api/node/extensionHostProcess.js:125:83278)
    at n.executeCommand (/Applications/Visual Studio Code.app/Contents/Resources/app/out/vs/workbench/api/node/extensionHostProcess.js:125:83185)
    at Object.executeCommand (/Applications/Visual Studio Code.app/Contents/Resources/app/out/vs/workbench/api/node/extensionHostProcess.js:140:21282)
    at w (/Users/user/.vscode/extensions/eamodio.gitlens-14.9.0/dist/gitlens.js:1081:41198)
    at h (/Users/user/.vscode/extensions/eamodio.gitlens-14.9.0/dist/gitlens.js:1081:46237)
    at ActionRunners._updateContextKeys (/Users/user/.vscode/extensions/eamodio.gitlens-14.9.0/dist/gitlens.js:663:18411)
    at s (/Users/user/.vscode/extensions/eamodio.gitlens-14.9.0/dist/gitlens.js:663:16855)
    at RegisteredActionRunner.unregister (/Users/user/.vscode/extensions/eamodio.gitlens-14.9.0/dist/gitlens.js:663:16998)
    at RegisteredActionRunner.dispose (/Users/user/.vscode/extensions/eamodio.gitlens-14.9.0/dist/gitlens.js:663:15651)
    at ActionRunners.dispose (/Users/user/.vscode/extensions/eamodio.gitlens-14.9.0/dist/gitlens.js:663:16438)
    at /Users/user/.vscode/extensions/eamodio.gitlens-14.9.0/dist/gitlens.js:1041:19519
    at Array.forEach (<anonymous>)
    at Object.dispose (/Users/user/.vscode/extensions/eamodio.gitlens-14.9.0/dist/gitlens.js:1041:19501)
    at o (/Applications/Visual Studio Code.app/Contents/Resources/app/out/vs/workbench/api/node/extensionHostProcess.js:30:754)
    at s.cb (/Applications/Visual Studio Code.app/Contents/Resources/app/out/vs/workbench/api/node/extensionHostProcess.js:136:9846)
    at /Applications/Visual Studio Code.app/Contents/Resources/app/out/vs/workbench/api/node/extensionHostProcess.js:136:7796
    at Array.map (<anonymous>)
    at s.Y (/Applications/Visual Studio Code.app/Contents/Resources/app/out/vs/workbench/api/node/extensionHostProcess.js:136:7784)
    at s.terminate (/Applications/Visual Studio Code.app/Contents/Resources/app/out/vs/workbench/api/node/extensionHostProcess.js:136:8054)
    at o.terminate (/Applications/Visual Studio Code.app/Contents/Resources/app/out/vs/workbench/api/node/extensionHostProcess.js:140:1513)
    at l (/Applications/Visual Studio Code.app/Contents/Resources/app/out/vs/workbench/api/node/extensionHostProcess.js:153:9801)
    at MessagePortMain.<anonymous> (/Applications/Visual Studio Code.app/Contents/Resources/app/out/vs/workbench/api/node/extensionHostProcess.js:153:6226)
    at MessagePortMain.emit (node:events:513:28)
    at Object.MessagePortMain._internalPort.emit (node:electron/js2c/utility_init:2:367) setContext undefined
2024-04-11 12:03:38.920 [error] Canceled: Canceled
    at new g (/Applications/Visual Studio Code.app/Contents/Resources/app/out/vs/workbench/api/node/extensionHostProcess.js:125:57216)
    at i.U (/Applications/Visual Studio Code.app/Contents/Resources/app/out/vs/workbench/api/node/extensionHostProcess.js:134:10864)
    at Proxy.M.<computed>.j.charCodeAt.M.<computed> (/Applications/Visual Studio Code.app/Contents/Resources/app/out/vs/workbench/api/node/extensionHostProcess.js:134:8315)
    at n.g (/Applications/Visual Studio Code.app/Contents/Resources/app/out/vs/workbench/api/node/extensionHostProcess.js:125:83747)
    at n.executeCommand (/Applications/Visual Studio Code.app/Contents/Resources/app/out/vs/workbench/api/node/extensionHostProcess.js:125:83185)
    at b.registerCommand.description (/Applications/Visual Studio Code.app/Contents/Resources/app/out/vs/workbench/api/node/extensionHostProcess.js:125:82506)
    at n.h (/Applications/Visual Studio Code.app/Contents/Resources/app/out/vs/workbench/api/node/extensionHostProcess.js:125:84283)
    at n.g (/Applications/Visual Studio Code.app/Contents/Resources/app/out/vs/workbench/api/node/extensionHostProcess.js:125:83278)
    at n.executeCommand (/Applications/Visual Studio Code.app/Contents/Resources/app/out/vs/workbench/api/node/extensionHostProcess.js:125:83185)
    at Object.executeCommand (/Applications/Visual Studio Code.app/Contents/Resources/app/out/vs/workbench/api/node/extensionHostProcess.js:140:21282)
    at w (/Users/user/.vscode/extensions/eamodio.gitlens-14.9.0/dist/gitlens.js:1081:41198)
    at h (/Users/user/.vscode/extensions/eamodio.gitlens-14.9.0/dist/gitlens.js:1081:46237)
    at ActionRunners._updateContextKeys (/Users/user/.vscode/extensions/eamodio.gitlens-14.9.0/dist/gitlens.js:663:18411)
    at s (/Users/user/.vscode/extensions/eamodio.gitlens-14.9.0/dist/gitlens.js:663:16855)
    at RegisteredActionRunner.unregister (/Users/user/.vscode/extensions/eamodio.gitlens-14.9.0/dist/gitlens.js:663:16998)
    at RegisteredActionRunner.dispose (/Users/user/.vscode/extensions/eamodio.gitlens-14.9.0/dist/gitlens.js:663:15651)
    at ActionRunners.dispose (/Users/user/.vscode/extensions/eamodio.gitlens-14.9.0/dist/gitlens.js:663:16438)
    at /Users/user/.vscode/extensions/eamodio.gitlens-14.9.0/dist/gitlens.js:1041:19519
    at Array.forEach (<anonymous>)
    at Object.dispose (/Users/user/.vscode/extensions/eamodio.gitlens-14.9.0/dist/gitlens.js:1041:19501)
    at o (/Applications/Visual Studio Code.app/Contents/Resources/app/out/vs/workbench/api/node/extensionHostProcess.js:30:754)
    at s.cb (/Applications/Visual Studio Code.app/Contents/Resources/app/out/vs/workbench/api/node/extensionHostProcess.js:136:9846)
    at /Applications/Visual Studio Code.app/Contents/Resources/app/out/vs/workbench/api/node/extensionHostProcess.js:136:7796
    at Array.map (<anonymous>)
    at s.Y (/Applications/Visual Studio Code.app/Contents/Resources/app/out/vs/workbench/api/node/extensionHostProcess.js:136:7784)
    at s.terminate (/Applications/Visual Studio Code.app/Contents/Resources/app/out/vs/workbench/api/node/extensionHostProcess.js:136:8054)
    at o.terminate (/Applications/Visual Studio Code.app/Contents/Resources/app/out/vs/workbench/api/node/extensionHostProcess.js:140:1513)
    at l (/Applications/Visual Studio Code.app/Contents/Resources/app/out/vs/workbench/api/node/extensionHostProcess.js:153:9801)
    at MessagePortMain.<anonymous> (/Applications/Visual Studio Code.app/Contents/Resources/app/out/vs/workbench/api/node/extensionHostProcess.js:153:6226)
    at MessagePortMain.emit (node:events:513:28)
    at Object.MessagePortMain._internalPort.emit (node:electron/js2c/utility_init:2:367) setContext undefined
2024-04-11 12:03:38.920 [error] Canceled: Canceled
    at new g (/Applications/Visual Studio Code.app/Contents/Resources/app/out/vs/workbench/api/node/extensionHostProcess.js:125:57216)
    at i.U (/Applications/Visual Studio Code.app/Contents/Resources/app/out/vs/workbench/api/node/extensionHostProcess.js:134:10864)
    at Proxy.M.<computed>.j.charCodeAt.M.<computed> (/Applications/Visual Studio Code.app/Contents/Resources/app/out/vs/workbench/api/node/extensionHostProcess.js:134:8315)
    at n.g (/Applications/Visual Studio Code.app/Contents/Resources/app/out/vs/workbench/api/node/extensionHostProcess.js:125:83747)
    at n.executeCommand (/Applications/Visual Studio Code.app/Contents/Resources/app/out/vs/workbench/api/node/extensionHostProcess.js:125:83185)
    at b.registerCommand.description (/Applications/Visual Studio Code.app/Contents/Resources/app/out/vs/workbench/api/node/extensionHostProcess.js:125:82506)
    at n.h (/Applications/Visual Studio Code.app/Contents/Resources/app/out/vs/workbench/api/node/extensionHostProcess.js:125:84283)
    at n.g (/Applications/Visual Studio Code.app/Contents/Resources/app/out/vs/workbench/api/node/extensionHostProcess.js:125:83278)
    at n.executeCommand (/Applications/Visual Studio Code.app/Contents/Resources/app/out/vs/workbench/api/node/extensionHostProcess.js:125:83185)
    at Object.executeCommand (/Applications/Visual Studio Code.app/Contents/Resources/app/out/vs/workbench/api/node/extensionHostProcess.js:140:21282)
    at w (/Users/user/.vscode/extensions/eamodio.gitlens-14.9.0/dist/gitlens.js:1081:41198)
    at h (/Users/user/.vscode/extensions/eamodio.gitlens-14.9.0/dist/gitlens.js:1081:46237)
    at ActionRunners._updateContextKeys (/Users/user/.vscode/extensions/eamodio.gitlens-14.9.0/dist/gitlens.js:663:18411)
    at s (/Users/user/.vscode/extensions/eamodio.gitlens-14.9.0/dist/gitlens.js:663:16855)
    at RegisteredActionRunner.unregister (/Users/user/.vscode/extensions/eamodio.gitlens-14.9.0/dist/gitlens.js:663:16998)
    at RegisteredActionRunner.dispose (/Users/user/.vscode/extensions/eamodio.gitlens-14.9.0/dist/gitlens.js:663:15651)
    at ActionRunners.dispose (/Users/user/.vscode/extensions/eamodio.gitlens-14.9.0/dist/gitlens.js:663:16438)
    at /Users/user/.vscode/extensions/eamodio.gitlens-14.9.0/dist/gitlens.js:1041:19519
    at Array.forEach (<anonymous>)
    at Object.dispose (/Users/user/.vscode/extensions/eamodio.gitlens-14.9.0/dist/gitlens.js:1041:19501)
    at o (/Applications/Visual Studio Code.app/Contents/Resources/app/out/vs/workbench/api/node/extensionHostProcess.js:30:754)
    at s.cb (/Applications/Visual Studio Code.app/Contents/Resources/app/out/vs/workbench/api/node/extensionHostProcess.js:136:9846)
    at /Applications/Visual Studio Code.app/Contents/Resources/app/out/vs/workbench/api/node/extensionHostProcess.js:136:7796
    at Array.map (<anonymous>)
    at s.Y (/Applications/Visual Studio Code.app/Contents/Resources/app/out/vs/workbench/api/node/extensionHostProcess.js:136:7784)
    at s.terminate (/Applications/Visual Studio Code.app/Contents/Resources/app/out/vs/workbench/api/node/extensionHostProcess.js:136:8054)
    at o.terminate (/Applications/Visual Studio Code.app/Contents/Resources/app/out/vs/workbench/api/node/extensionHostProcess.js:140:1513)
    at l (/Applications/Visual Studio Code.app/Contents/Resources/app/out/vs/workbench/api/node/extensionHostProcess.js:153:9801)
    at MessagePortMain.<anonymous> (/Applications/Visual Studio Code.app/Contents/Resources/app/out/vs/workbench/api/node/extensionHostProcess.js:153:6226)
    at MessagePortMain.emit (node:events:513:28)
    at Object.MessagePortMain._internalPort.emit (node:electron/js2c/utility_init:2:367) setContext undefined
2024-04-11 12:03:38.920 [info] Extension host with pid 92836 exiting with code 0
